<?xml version="1.0" encoding="UTF-8"?>
<testng-results total="1" passed="1" failed="0" skipped="0">
  <reporter-output>
  </reporter-output>
  <suite started-at="2024-01-27T15:53:33Z" name="Suite" finished-at="2024-01-27T15:53:33Z" duration-ms="41">
    <groups>
    </groups>
    <test started-at="2024-01-27T15:53:33Z" name="Test" finished-at="2024-01-27T15:53:33Z" duration-ms="41">
      <class name="com.test.TestCases">
        <test-method is-config="true" signature="beforeMethod()[pri:0, instance:com.test.TestCases@5bda8e08]" started-at="2024-01-27T21:23:33Z" name="beforeMethod" finished-at="2024-01-27T21:23:33Z" duration-ms="25" status="PASS">
          <reporter-output>
          </reporter-output>
        </test-method> <!-- beforeMethod -->
        <test-method signature="test1()[pri:0, instance:com.test.TestCases@5bda8e08]" started-at="2024-01-27T21:23:33Z" name="test1" finished-at="2024-01-27T21:23:33Z" duration-ms="3" status="PASS">
          <reporter-output>
          </reporter-output>
        </test-method> <!-- test1 -->
        <test-method is-config="true" signature="afterMethod()[pri:0, instance:com.test.TestCases@5bda8e08]" started-at="2024-01-27T21:23:33Z" name="afterMethod" finished-at="2024-01-27T21:23:33Z" duration-ms="1" status="PASS">
          <reporter-output>
          </reporter-output>
        </test-method> <!-- afterMethod -->
      </class> <!-- com.test.TestCases -->
    </test> <!-- Test -->
  </suite> <!-- Suite -->
</testng-results>
