<?xml version="1.0" encoding="UTF-8"?>
<testng-results ignored="0" total="1" passed="1" failed="0" skipped="0">
  <reporter-output>
  </reporter-output>
  <suite started-at="2023-01-16T15:54:32 IST" name="Suite" finished-at="2023-01-16T15:54:32 IST" duration-ms="78">
    <groups>
    </groups>
    <test started-at="2023-01-16T15:54:32 IST" name="Test" finished-at="2023-01-16T15:54:32 IST" duration-ms="78">
      <class name="com.test.TestCases">
        <test-method is-config="true" signature="beforeMethod()[pri:0, instance:com.test.TestCases@2e1d27ba]" started-at="2023-01-16T15:54:32 IST" name="beforeMethod" finished-at="2023-01-16T15:54:32 IST" duration-ms="6" status="PASS">
          <reporter-output>
          </reporter-output>
        </test-method> <!-- beforeMethod -->
        <test-method signature="test1()[pri:0, instance:com.test.TestCases@2e1d27ba]" started-at="2023-01-16T15:54:32 IST" name="test1" finished-at="2023-01-16T15:54:32 IST" duration-ms="11" status="PASS">
          <reporter-output>
          </reporter-output>
        </test-method> <!-- test1 -->
        <test-method is-config="true" signature="afterMethod()[pri:0, instance:com.test.TestCases@2e1d27ba]" started-at="2023-01-16T15:54:32 IST" name="afterMethod" finished-at="2023-01-16T15:54:32 IST" duration-ms="1" status="PASS">
          <reporter-output>
          </reporter-output>
        </test-method> <!-- afterMethod -->
      </class> <!-- com.test.TestCases -->
    </test> <!-- Test -->
  </suite> <!-- Suite -->
</testng-results>
